<?xml version="1.0" encoding="UTF-8"?>
<testng-results skipped="0" failed="0" ignored="0" total="1" passed="1">
  <reporter-output>
  </reporter-output>
  <suite name="Default suite" duration-ms="20722" started-at="2019-04-29T16:27:59Z" finished-at="2019-04-29T16:28:20Z">
    <groups>
      <group name="cucumber">
        <method signature="RunnerClass.feature(cucumber.api.testng.CucumberFeatureWrapper)[pri:0, instance:com.crmpro.runnerClass.RunnerClass@402a079c]" name="feature" class="com.crmpro.runnerClass.RunnerClass"/>
      </group> <!-- cucumber -->
    </groups>
    <test name="Default test" duration-ms="20722" started-at="2019-04-29T16:27:59Z" finished-at="2019-04-29T16:28:20Z">
      <class name="com.crmpro.runnerClass.RunnerClass">
        <test-method status="PASS" signature="setUpClass()[pri:0, instance:com.crmpro.runnerClass.RunnerClass@402a079c]" name="setUpClass" is-config="true" duration-ms="725" started-at="2019-04-29T16:27:59Z" finished-at="2019-04-29T16:28:00Z">
          <reporter-output>
          </reporter-output>
        </test-method> <!-- setUpClass -->
        <test-method status="PASS" signature="feature(cucumber.api.testng.CucumberFeatureWrapper)[pri:0, instance:com.crmpro.runnerClass.RunnerClass@402a079c]" name="feature" duration-ms="19673" started-at="2019-04-29T16:28:00Z" description="Runs cucumber feature" data-provider="features" finished-at="2019-04-29T16:28:20Z">
          <params>
            <param index="0">
              <value>
                <![CDATA[CRMPRO Login page future]]>
              </value>
            </param>
          </params>
          <reporter-output>
          </reporter-output>
        </test-method> <!-- feature -->
        <test-method status="PASS" signature="tearDown()[pri:0, instance:com.crmpro.runnerClass.RunnerClass@402a079c]" name="tearDown" is-config="true" duration-ms="70" started-at="2019-04-29T16:28:20Z" finished-at="2019-04-29T16:28:20Z">
          <reporter-output>
          </reporter-output>
        </test-method> <!-- tearDown -->
      </class> <!-- com.crmpro.runnerClass.RunnerClass -->
    </test> <!-- Default test -->
  </suite> <!-- Default suite -->
</testng-results>
