<?xml version="1.0" encoding="UTF-8"?>
<!-- Generated by org.testng.reporters.JUnitXMLReporter -->
<testsuite hostname="Hossain" ignored="0" name="CRMPRO testing feature" tests="1" failures="1" timestamp="02 May 2019 07:47:29 GMT" time="32.368" errors="0">
  <testcase name="feature" time="31.29" classname="com.crmpro.runnerClass.RunnerClass">
    <failure type="cucumber.runtime.CucumberException" message="java.lang.AssertionError: expected [CRMPRO] but found [CRMPR]">
      <![CDATA[cucumber.runtime.CucumberException: java.lang.AssertionError: expected [CRMPRO] but found [CRMPR]
at cucumber.api.testng.TestNGCucumberRunner.runCucumber(TestNGCucumberRunner.java:69)
at com.crmpro.runnerClass.RunnerClass.feature(RunnerClass.java:30)
at java.util.concurrent.FutureTask.run(Unknown Source)
at java.util.concurrent.Executors$RunnableAdapter.call(Unknown Source)
at java.util.concurrent.FutureTask.run(Unknown Source)
at java.util.concurrent.ThreadPoolExecutor.runWorker(Unknown Source)
at java.util.concurrent.ThreadPoolExecutor$Worker.run(Unknown Source)
at java.lang.Thread.run(Unknown Source)
Caused by: java.lang.AssertionError: expected [CRMPRO] but found [CRMPR]
at com.crmpro.stepDefinitions.LoginStepDefinition.user_is_on_home_page(LoginStepDefinition.java:51)
at âœ½.Then user is on home page(C:/Users/Hossain Sakhaout/Desktop/MavenProject/BDD-Framework-With-Cucumber/featureFile/features/LoginPage.feature:10)
... Removed 15 stack frames]]>
    </failure>
  </testcase> <!-- feature -->
</testsuite> <!-- CRMPRO testing feature -->
